<?xml version="1.0" encoding="utf-8"?><testsuites><testsuite name="pytest" errors="0" failures="0" skipped="0" tests="15" time="0.297" timestamp="2026-06-15T01:12:21.746439" hostname="calfe"><testcase classname="tests.test_api" name="test_health_returns_ok" time="0.079" /><testcase classname="tests.test_api" name="test_predict_positive_text" time="0.008" /><testcase classname="tests.test_api" name="test_predict_retourne_structure_complete" time="0.008" /><testcase classname="tests.test_api" name="test_stats_incremente_apres_predict" time="0.012" /><testcase classname="tests.test_api" name="test_health_retourne_status_ok" time="0.006" /><testcase classname="tests.test_api" name="test_predict_avec_texte_positif" time="0.008" /><testcase classname="tests.test_api" name="test_predict_avec_texte_negatif" time="0.007" /><testcase classname="tests.test_api" name="test_predict_conserve_le_texte_original" time="0.007" /><testcase classname="tests.test_api" name="test_stats_contient_les_quatre_champs" time="0.007" /><testcase classname="tests.test_api" name="test_stats_comptabilise_plusieurs_predictions" time="0.015" /><testcase classname="tests.test_api" name="test_reset_remet_les_compteurs_a_zero" time="0.014" /><testcase classname="tests.test_api" name="test_predict_texte_vide_retourne_422" time="0.006" /><testcase classname="tests.test_api" name="test_predict_texte_trop_long_retourne_422" time="0.006" /><testcase classname="tests.test_api" name="test_predict_champ_manquant_retourne_422" time="0.006" /><testcase classname="tests.test_api" name="test_predict_mauvais_type_retourne_422" time="0.005" /></testsuite></testsuites>